<?xml version="1.0" encoding="UTF-8"?>
<testng-results skipped="0" failed="0" ignored="0" total="1" passed="1">
  <reporter-output>
  </reporter-output>
  <suite name="Default suite" duration-ms="91293" started-at="2023-02-16T22:44:50 IST" finished-at="2023-02-16T22:46:21 IST">
    <groups>
    </groups>
    <test name="Default test" duration-ms="91293" started-at="2023-02-16T22:44:50 IST" finished-at="2023-02-16T22:46:21 IST">
      <class name="testCases.LoginWithOutFindBy">
        <test-method status="PASS" signature="login()[pri:0, instance:testCases.LoginWithOutFindBy@1063c0a]" name="login" duration-ms="91156" started-at="2023-02-16T22:44:50 IST" finished-at="2023-02-16T22:46:21 IST">
          <reporter-output>
          </reporter-output>
        </test-method> <!-- login -->
      </class> <!-- testCases.LoginWithOutFindBy -->
    </test> <!-- Default test -->
  </suite> <!-- Default suite -->
</testng-results>
